<?xml version="1.0" encoding="UTF-8"?>
<robot generator="Robot 3.2.1 (Python 3.8.5 on win32)" generated="20200819 14:22:16.342" rpa="false">
<suite id="s1" name="Trip-Insurance" source="C:\Users\numlabyodrep\Desktop\clone\ayudhaya\frontend\test\trip-insurance.robot">
<test id="s1-t1" name="Buy a trip insurance package">
<kw name="Open web browser on Google Chrome" library="trip-insurance-keywords" type="setup">
<kw name="Open Browser" library="SeleniumLibrary">
<doc>Opens a new browser instance to the optional ``url``.</doc>
<arguments>
<arg>${URL}</arg>
<arg>chrome</arg>
</arguments>
<msg timestamp="20200819 14:22:17.281" level="INFO">Opening browser 'chrome' to base url 'http://localhost:4200/'.</msg>
<kw name="Capture Page Screenshot" library="SeleniumLibrary">
<doc>Takes a screenshot of the current page and embeds it into a log file.</doc>
<msg timestamp="20200819 14:22:17.291" level="INFO">Cannot capture screenshot because no browser is open.</msg>
<status status="PASS" starttime="20200819 14:22:17.290" endtime="20200819 14:22:17.291"></status>
</kw>
<msg timestamp="20200819 14:22:17.317" level="FAIL">WebDriverException: Message: 'chromedriver' executable needs to be in PATH. Please see https://sites.google.com/a/chromium.org/chromedriver/home
</msg>
<status status="FAIL" starttime="20200819 14:22:17.280" endtime="20200819 14:22:17.317"></status>
</kw>
<status status="FAIL" starttime="20200819 14:22:17.280" endtime="20200819 14:22:17.317"></status>
</kw>
<status status="FAIL" starttime="20200819 14:22:17.278" endtime="20200819 14:22:17.318" critical="yes">Setup failed:
WebDriverException: Message: 'chromedriver' executable needs to be in PATH. Please see https://sites.google.com/a/chromium.org/chromedriver/home
</status>
</test>
<status status="FAIL" starttime="20200819 14:22:16.351" endtime="20200819 14:22:17.323"></status>
</suite>
<statistics>
<total>
<stat pass="0" fail="1">Critical Tests</stat>
<stat pass="0" fail="1">All Tests</stat>
</total>
<tag>
</tag>
<suite>
<stat pass="0" fail="1" id="s1" name="Trip-Insurance">Trip-Insurance</stat>
</suite>
</statistics>
<errors>
</errors>
</robot>
